<?xml version="1.0" encoding="UTF-8"?>
<testsuite name="FlashcardsStage7Test" tests="1" skipped="0" failures="0" errors="0" timestamp="2019-12-26T02:39:29" hostname="C02VH01MHV2V" time="0.318">
  <properties/>
  <testcase name="start" classname="FlashcardsStage7Test" time="0.318"/>
  <system-out><![CDATA[?[1;31m
Start test 1?[0m
>export
Input the action (add, remove, import, export, ask, exit, log, hardest card, reset stats):
File name:
>capitals.txt
0 cards have been saved. 
>export
Input the action (add, remove, import, export, ask, exit, log, hardest card, reset stats):
File name:
>capitalsNew.txt
0 cards have been saved. 
>exit
Input the action (add, remove, import, export, ask, exit, log, hardest card, reset stats):
Bye bye!
?[1;31m
Start test 2?[0m
>add
Input the action (add, remove, import, export, ask, exit, log, hardest card, reset stats):
The card:
>France
The definition of the card:
>Paris
The pair (France:Paris) has been added. ("France":"(Paris, 0)") 
>add
Input the action (add, remove, import, export, ask, exit, log, hardest card, reset stats):
The card:
>Russia
The definition of the card:
>Moscow
The pair (Russia:Moscow) has been added. ("France":"(Paris, 0)") ("Russia":"(Moscow, 0)") 
>ask
Input the action (add, remove, import, export, ask, exit, log, hardest card, reset stats):
How many times to ask?
>3
Print the definition of "Russia"
>France
Wrong answer. The correct one is "Moscow".
Print the definition of "Russia"
>??
Wrong answer. The correct one is "Moscow".
Print the definition of "France"
>
Wrong answer. The correct one is "Paris".
>exit
Input the action (add, remove, import, export, ask, exit, log, hardest card, reset stats):
Bye bye!
2 cards have been saved. ("France":"(Paris, 1)") ("Russia":"(Moscow, 2)") 
?[1;31m
Start test 3?[0m
2 cards have been loaded. ("France":"(Paris, 1)") ("Russia":"(Moscow, 2)") 
>add
Input the action (add, remove, import, export, ask, exit, log, hardest card, reset stats):
The card:
>Japan
The definition of the card:
>Tokyo
The pair (Japan:Tokyo) has been added. ("France":"(Paris, 1)") ("Russia":"(Moscow, 2)") ("Japan":"(Tokyo, 0)") 
>ask
Input the action (add, remove, import, export, ask, exit, log, hardest card, reset stats):
How many times to ask?
>3
Print the definition of "Russia"
>Moscow
Correct answer.
Print the definition of "Russia"
>Paris
Wrong answer. The correct one is "Moscow", you've just written the definition of "France".
Print the definition of "Japan"
>Tokyo
Correct answer.
>exit
Input the action (add, remove, import, export, ask, exit, log, hardest card, reset stats):
Bye bye!
3 cards have been saved. ("France":"(Paris, 1)") ("Russia":"(Moscow, 3)") ("Japan":"(Tokyo, 0)") 
?[1;31m
Start test 4?[0m
3 cards have been loaded. ("France":"(Paris, 1)") ("Russia":"(Moscow, 3)") ("Japan":"(Tokyo, 0)") 
>ask
Input the action (add, remove, import, export, ask, exit, log, hardest card, reset stats):
How many times to ask?
>3
Print the definition of "France"
>Moscow
Wrong answer. The correct one is "Paris", you've just written the definition of "Russia".
Print the definition of "Japan"
>Paris
Wrong answer. The correct one is "Tokyo", you've just written the definition of "France".
Print the definition of "France"
>Tokyo
Wrong answer. The correct one is "Paris", you've just written the definition of "Japan".
>remove
Input the action (add, remove, import, export, ask, exit, log, hardest card, reset stats):
The card:
>Japan
The card has been removed. ("France":"(Paris, 3)") ("Russia":"(Moscow, 3)") 
>exit
Input the action (add, remove, import, export, ask, exit, log, hardest card, reset stats):
Bye bye!
2 cards have been saved. ("France":"(Paris, 3)") ("Russia":"(Moscow, 3)") 
?[1;31m
Start test 5?[0m
2 cards have been loaded. ("France":"(Paris, 3)") ("Russia":"(Moscow, 3)") 
>exit
Input the action (add, remove, import, export, ask, exit, log, hardest card, reset stats):
Bye bye!
]]></system-out>
  <system-err><![CDATA[]]></system-err>
</testsuite>
